<?xml version="1.0" encoding="UTF-8" ?>
<testsuites errors="10"
            failures="4"
            tests="6">

  <testsuite name="3-shopping-cart"
    errors="10" failures="4" hostname="" id="" package="3-shopping-cart" skipped="0"
    tests="6" time="8.184" timestamp="Fri, 27 Oct 2017 03:52:39 GMT">
  
    <testcase name="Aucun produit dans le panier" classname="3-shopping-cart" time="2.872" assertions="3">

    

    

    
    </testcase>
  
    <testcase name="Un ou plusieurs produits dans le panier" classname="3-shopping-cart" time="1.773" assertions="1">  <failure message="Le total doit être '9529,94$'.">    at validateTotalAmount (E:\Etudes\Polytechnique\SiteWeb\TP3\tests\e2e\3-shopping-cart.js:116:17)
    at Object.Un ou plusieurs produits dans le panier (E:\Etudes\Polytechnique\SiteWeb\TP3\tests\e2e\3-shopping-cart.js:171:5)</failure>

    
    </testcase>
  
    <testcase name="Suppression d'un item dans le panier" classname="3-shopping-cart" time="0.8840" assertions="1">  <failure message="Le total doit être '9029,96$'.">    at validateTotalAmount (E:\Etudes\Polytechnique\SiteWeb\TP3\tests\e2e\3-shopping-cart.js:116:17)
    at Object.&lt;anonymous&gt; (E:\Etudes\Polytechnique\SiteWeb\TP3\tests\e2e\3-shopping-cart.js:196:7)</failure>

    
    </testcase>
  
    <testcase name="Augmentation de la quantite associee a un item dans le panier" classname="3-shopping-cart" time="0.4530" assertions="1">  <failure message="Le total doit être '12029,95$'.">    at validateTotalAmount (E:\Etudes\Polytechnique\SiteWeb\TP3\tests\e2e\3-shopping-cart.js:116:17)
    at Object.&lt;anonymous&gt; (E:\Etudes\Polytechnique\SiteWeb\TP3\tests\e2e\3-shopping-cart.js:205:7)</failure>

    
    </testcase>
  
    <testcase name="Diminution de la quantite associee a un item dans le panier" classname="3-shopping-cart" time="0.5010" assertions="1">  <failure message="Le total doit être '9029,96$'.">    at validateTotalAmount (E:\Etudes\Polytechnique\SiteWeb\TP3\tests\e2e\3-shopping-cart.js:116:17)
    at Object.&lt;anonymous&gt; (E:\Etudes\Polytechnique\SiteWeb\TP3\tests\e2e\3-shopping-cart.js:214:7)</failure>

    
    </testcase>
  
    <testcase name="Suppression de tous les produits dans le panier" classname="3-shopping-cart" time="1.701" assertions="3">

    

    

    
    </testcase>
  

  
    <system-err>
      ERROR: Unable to locate element: &quot;#total-amount&quot; using: css selector
    at F.command (E:\Etudes\Polytechnique\SiteWeb\TP3\node_modules\nightwatch\lib\api\assertions\containsText.js:46:21)
    at F.module.exports.BaseAssertion._scheduleAssertion (E:\Etudes\Polytechnique\SiteWeb\TP3\node_modules\nightwatch\lib\core\assertion.js:87:17)
    at F.module.exports.BaseAssertion._executeCommand (E:\Etudes\Polytechnique\SiteWeb\TP3\node_modules\nightwatch\lib\core\assertion.js:82:17)
    at AssertionInstance.commandFn [as _commandFn] (E:\Etudes\Polytechnique\SiteWeb\TP3\node_modules\nightwatch\lib\core\assertion.js:180:21)
    at AsyncTree.runCommand (E:\Etudes\Polytechnique\SiteWeb\TP3\node_modules\nightwatch\lib\core\queue.js:154:30)
    at AsyncTree.runChildNode (E:\Etudes\Polytechnique\SiteWeb\TP3\node_modules\nightwatch\lib\core\queue.js:114:8)
    at AsyncTree.walkDown (E:\Etudes\Polytechnique\SiteWeb\TP3\node_modules\nightwatch\lib\core\queue.js:80:10)
    at AsyncTree.walkUp (E:\Etudes\Polytechnique\SiteWeb\TP3\node_modules\nightwatch\lib\core\queue.js:97:8)
    at AsyncTree.walkDown (E:\Etudes\Polytechnique\SiteWeb\TP3\node_modules\nightwatch\lib\core\queue.js:90:12)
    at AsyncTree.traverse (E:\Etudes\Polytechnique\SiteWeb\TP3\node_modules\nightwatch\lib\core\queue.js:73:8)
ERROR: Unable to locate element: &quot;.remove-item-button&quot; using: css selector
    at pressRemoveItemButton (E:\Etudes\Polytechnique\SiteWeb\TP3\tests\e2e\3-shopping-cart.js:175:21)
    at Object.Suppression d'un item dans le panier (E:\Etudes\Polytechnique\SiteWeb\TP3\tests\e2e\3-shopping-cart.js:180:5)
    at Module.call (E:\Etudes\Polytechnique\SiteWeb\TP3\node_modules\nightwatch\lib\runner\module.js:62:34)
    at E:\Etudes\Polytechnique\SiteWeb\TP3\node_modules\nightwatch\lib\runner\testcase.js:70:29
    at _fulfilled (E:\Etudes\Polytechnique\SiteWeb\TP3\node_modules\q\q.js:834:54)
    at self.promiseDispatch.done (E:\Etudes\Polytechnique\SiteWeb\TP3\node_modules\q\q.js:863:30)
    at Promise.promise.promiseDispatch (E:\Etudes\Polytechnique\SiteWeb\TP3\node_modules\q\q.js:796:13)
    at E:\Etudes\Polytechnique\SiteWeb\TP3\node_modules\q\q.js:556:49
    at runSingle (E:\Etudes\Polytechnique\SiteWeb\TP3\node_modules\q\q.js:137:13)
    at flush (E:\Etudes\Polytechnique\SiteWeb\TP3\node_modules\q\q.js:125:13)
ERROR: Unable to locate element: &quot;.remove-item-button&quot; using: css selector
    at pressRemoveItemButton (E:\Etudes\Polytechnique\SiteWeb\TP3\tests\e2e\3-shopping-cart.js:175:21)
    at Object.Suppression d'un item dans le panier (E:\Etudes\Polytechnique\SiteWeb\TP3\tests\e2e\3-shopping-cart.js:189:5)
    at Module.call (E:\Etudes\Polytechnique\SiteWeb\TP3\node_modules\nightwatch\lib\runner\module.js:62:34)
    at E:\Etudes\Polytechnique\SiteWeb\TP3\node_modules\nightwatch\lib\runner\testcase.js:70:29
    at _fulfilled (E:\Etudes\Polytechnique\SiteWeb\TP3\node_modules\q\q.js:834:54)
    at self.promiseDispatch.done (E:\Etudes\Polytechnique\SiteWeb\TP3\node_modules\q\q.js:863:30)
    at Promise.promise.promiseDispatch (E:\Etudes\Polytechnique\SiteWeb\TP3\node_modules\q\q.js:796:13)
    at E:\Etudes\Polytechnique\SiteWeb\TP3\node_modules\q\q.js:556:49
    at runSingle (E:\Etudes\Polytechnique\SiteWeb\TP3\node_modules\q\q.js:137:13)
    at flush (E:\Etudes\Polytechnique\SiteWeb\TP3\node_modules\q\q.js:125:13)
ERROR: Unable to locate element: &quot;#total-amount&quot; using: css selector
    at F.command (E:\Etudes\Polytechnique\SiteWeb\TP3\node_modules\nightwatch\lib\api\assertions\containsText.js:46:21)
    at F.module.exports.BaseAssertion._scheduleAssertion (E:\Etudes\Polytechnique\SiteWeb\TP3\node_modules\nightwatch\lib\core\assertion.js:87:17)
    at F.module.exports.BaseAssertion._executeCommand (E:\Etudes\Polytechnique\SiteWeb\TP3\node_modules\nightwatch\lib\core\assertion.js:82:17)
    at AssertionInstance.commandFn [as _commandFn] (E:\Etudes\Polytechnique\SiteWeb\TP3\node_modules\nightwatch\lib\core\assertion.js:180:21)
    at AsyncTree.runCommand (E:\Etudes\Polytechnique\SiteWeb\TP3\node_modules\nightwatch\lib\core\queue.js:154:30)
    at AsyncTree.runChildNode (E:\Etudes\Polytechnique\SiteWeb\TP3\node_modules\nightwatch\lib\core\queue.js:114:8)
    at AsyncTree.walkDown (E:\Etudes\Polytechnique\SiteWeb\TP3\node_modules\nightwatch\lib\core\queue.js:80:10)
    at AsyncTree.walkUp (E:\Etudes\Polytechnique\SiteWeb\TP3\node_modules\nightwatch\lib\core\queue.js:97:8)
    at AsyncTree.walkDown (E:\Etudes\Polytechnique\SiteWeb\TP3\node_modules\nightwatch\lib\core\queue.js:90:12)
    at AsyncTree.traverse (E:\Etudes\Polytechnique\SiteWeb\TP3\node_modules\nightwatch\lib\core\queue.js:73:8)
ERROR: Unable to locate element: &quot;.add-quantity-button&quot; using: css selector
    at Object.Augmentation de la quantite associee a un item dans le panier (E:\Etudes\Polytechnique\SiteWeb\TP3\tests\e2e\3-shopping-cart.js:200:12)
    at Module.call (E:\Etudes\Polytechnique\SiteWeb\TP3\node_modules\nightwatch\lib\runner\module.js:62:34)
    at E:\Etudes\Polytechnique\SiteWeb\TP3\node_modules\nightwatch\lib\runner\testcase.js:70:29
    at _fulfilled (E:\Etudes\Polytechnique\SiteWeb\TP3\node_modules\q\q.js:834:54)
    at self.promiseDispatch.done (E:\Etudes\Polytechnique\SiteWeb\TP3\node_modules\q\q.js:863:30)
    at Promise.promise.promiseDispatch (E:\Etudes\Polytechnique\SiteWeb\TP3\node_modules\q\q.js:796:13)
    at E:\Etudes\Polytechnique\SiteWeb\TP3\node_modules\q\q.js:556:49
    at runSingle (E:\Etudes\Polytechnique\SiteWeb\TP3\node_modules\q\q.js:137:13)
    at flush (E:\Etudes\Polytechnique\SiteWeb\TP3\node_modules\q\q.js:125:13)
    at _combinedTickCallback (internal/process/next_tick.js:67:7)
    at process._tickCallback (internal/process/next_tick.js:98:9)
ERROR: Unable to locate element: &quot;#total-amount&quot; using: css selector
    at F.command (E:\Etudes\Polytechnique\SiteWeb\TP3\node_modules\nightwatch\lib\api\assertions\containsText.js:46:21)
    at F.module.exports.BaseAssertion._scheduleAssertion (E:\Etudes\Polytechnique\SiteWeb\TP3\node_modules\nightwatch\lib\core\assertion.js:87:17)
    at F.module.exports.BaseAssertion._executeCommand (E:\Etudes\Polytechnique\SiteWeb\TP3\node_modules\nightwatch\lib\core\assertion.js:82:17)
    at AssertionInstance.commandFn [as _commandFn] (E:\Etudes\Polytechnique\SiteWeb\TP3\node_modules\nightwatch\lib\core\assertion.js:180:21)
    at AsyncTree.runCommand (E:\Etudes\Polytechnique\SiteWeb\TP3\node_modules\nightwatch\lib\core\queue.js:154:30)
    at AsyncTree.runChildNode (E:\Etudes\Polytechnique\SiteWeb\TP3\node_modules\nightwatch\lib\core\queue.js:114:8)
    at AsyncTree.walkDown (E:\Etudes\Polytechnique\SiteWeb\TP3\node_modules\nightwatch\lib\core\queue.js:80:10)
    at AsyncTree.walkUp (E:\Etudes\Polytechnique\SiteWeb\TP3\node_modules\nightwatch\lib\core\queue.js:97:8)
    at AsyncTree.walkDown (E:\Etudes\Polytechnique\SiteWeb\TP3\node_modules\nightwatch\lib\core\queue.js:90:12)
    at AsyncTree.traverse (E:\Etudes\Polytechnique\SiteWeb\TP3\node_modules\nightwatch\lib\core\queue.js:73:8)
ERROR: Unable to locate element: &quot;.remove-quantity-button&quot; using: css selector
    at Object.Diminution de la quantite associee a un item dans le panier (E:\Etudes\Polytechnique\SiteWeb\TP3\tests\e2e\3-shopping-cart.js:209:12)
    at Module.call (E:\Etudes\Polytechnique\SiteWeb\TP3\node_modules\nightwatch\lib\runner\module.js:62:34)
    at E:\Etudes\Polytechnique\SiteWeb\TP3\node_modules\nightwatch\lib\runner\testcase.js:70:29
    at _fulfilled (E:\Etudes\Polytechnique\SiteWeb\TP3\node_modules\q\q.js:834:54)
    at self.promiseDispatch.done (E:\Etudes\Polytechnique\SiteWeb\TP3\node_modules\q\q.js:863:30)
    at Promise.promise.promiseDispatch (E:\Etudes\Polytechnique\SiteWeb\TP3\node_modules\q\q.js:796:13)
    at E:\Etudes\Polytechnique\SiteWeb\TP3\node_modules\q\q.js:556:49
    at runSingle (E:\Etudes\Polytechnique\SiteWeb\TP3\node_modules\q\q.js:137:13)
    at flush (E:\Etudes\Polytechnique\SiteWeb\TP3\node_modules\q\q.js:125:13)
    at _combinedTickCallback (internal/process/next_tick.js:67:7)
    at process._tickCallback (internal/process/next_tick.js:98:9)
ERROR: Unable to locate element: &quot;#total-amount&quot; using: css selector
    at F.command (E:\Etudes\Polytechnique\SiteWeb\TP3\node_modules\nightwatch\lib\api\assertions\containsText.js:46:21)
    at F.module.exports.BaseAssertion._scheduleAssertion (E:\Etudes\Polytechnique\SiteWeb\TP3\node_modules\nightwatch\lib\core\assertion.js:87:17)
    at F.module.exports.BaseAssertion._executeCommand (E:\Etudes\Polytechnique\SiteWeb\TP3\node_modules\nightwatch\lib\core\assertion.js:82:17)
    at AssertionInstance.commandFn [as _commandFn] (E:\Etudes\Polytechnique\SiteWeb\TP3\node_modules\nightwatch\lib\core\assertion.js:180:21)
    at AsyncTree.runCommand (E:\Etudes\Polytechnique\SiteWeb\TP3\node_modules\nightwatch\lib\core\queue.js:154:30)
    at AsyncTree.runChildNode (E:\Etudes\Polytechnique\SiteWeb\TP3\node_modules\nightwatch\lib\core\queue.js:114:8)
    at AsyncTree.walkDown (E:\Etudes\Polytechnique\SiteWeb\TP3\node_modules\nightwatch\lib\core\queue.js:80:10)
    at AsyncTree.walkUp (E:\Etudes\Polytechnique\SiteWeb\TP3\node_modules\nightwatch\lib\core\queue.js:97:8)
    at AsyncTree.walkDown (E:\Etudes\Polytechnique\SiteWeb\TP3\node_modules\nightwatch\lib\core\queue.js:90:12)
    at AsyncTree.traverse (E:\Etudes\Polytechnique\SiteWeb\TP3\node_modules\nightwatch\lib\core\queue.js:73:8)
ERROR: Unable to locate element: &quot;#remove-all-items-button&quot; using: css selector
    at pressRemoveAllItemsButton (E:\Etudes\Polytechnique\SiteWeb\TP3\tests\e2e\3-shopping-cart.js:219:21)
    at Object.Suppression de tous les produits dans le panier (E:\Etudes\Polytechnique\SiteWeb\TP3\tests\e2e\3-shopping-cart.js:224:5)
    at Module.call (E:\Etudes\Polytechnique\SiteWeb\TP3\node_modules\nightwatch\lib\runner\module.js:62:34)
    at E:\Etudes\Polytechnique\SiteWeb\TP3\node_modules\nightwatch\lib\runner\testcase.js:70:29
    at _fulfilled (E:\Etudes\Polytechnique\SiteWeb\TP3\node_modules\q\q.js:834:54)
    at self.promiseDispatch.done (E:\Etudes\Polytechnique\SiteWeb\TP3\node_modules\q\q.js:863:30)
    at Promise.promise.promiseDispatch (E:\Etudes\Polytechnique\SiteWeb\TP3\node_modules\q\q.js:796:13)
    at E:\Etudes\Polytechnique\SiteWeb\TP3\node_modules\q\q.js:556:49
    at runSingle (E:\Etudes\Polytechnique\SiteWeb\TP3\node_modules\q\q.js:137:13)
    at flush (E:\Etudes\Polytechnique\SiteWeb\TP3\node_modules\q\q.js:125:13)
ERROR: Unable to locate element: &quot;#remove-all-items-button&quot; using: css selector
    at pressRemoveAllItemsButton (E:\Etudes\Polytechnique\SiteWeb\TP3\tests\e2e\3-shopping-cart.js:219:21)
    at Object.Suppression de tous les produits dans le panier (E:\Etudes\Polytechnique\SiteWeb\TP3\tests\e2e\3-shopping-cart.js:231:5)
    at Module.call (E:\Etudes\Polytechnique\SiteWeb\TP3\node_modules\nightwatch\lib\runner\module.js:62:34)
    at E:\Etudes\Polytechnique\SiteWeb\TP3\node_modules\nightwatch\lib\runner\testcase.js:70:29
    at _fulfilled (E:\Etudes\Polytechnique\SiteWeb\TP3\node_modules\q\q.js:834:54)
    at self.promiseDispatch.done (E:\Etudes\Polytechnique\SiteWeb\TP3\node_modules\q\q.js:863:30)
    at Promise.promise.promiseDispatch (E:\Etudes\Polytechnique\SiteWeb\TP3\node_modules\q\q.js:796:13)
    at E:\Etudes\Polytechnique\SiteWeb\TP3\node_modules\q\q.js:556:49
    at runSingle (E:\Etudes\Polytechnique\SiteWeb\TP3\node_modules\q\q.js:137:13)
    at flush (E:\Etudes\Polytechnique\SiteWeb\TP3\node_modules\q\q.js:125:13)
    </system-err>
  

  
  </testsuite>
</testsuites>
